<?xml version="1.0" encoding="UTF-8"?>
<!-- Generated by org.testng.reporters.JUnitReportReporter -->
<testsuite hostname="User2" name="test.Sliding2" tests="1" failures="0" timestamp="30 Sep 2014 09:27:23 GMT" time="11595.031" errors="0">
  <testcase name="slidingDoors" time="11595.031" classname="test.Sliding2"/>
</testsuite> <!-- test.Sliding2 -->
