<?xml version="1.0" encoding="UTF-8"?>
<!-- Generated by org.testng.reporters.JUnitReportReporter -->
<testsuite hostname="User2" name="test.Sliding3" tests="1" failures="0" timestamp="30 Sep 2014 09:27:23 GMT" time="12298.224" errors="0">
  <testcase name="slidingDoors" time="12298.224" classname="test.Sliding3"/>
</testsuite> <!-- test.Sliding3 -->
