<?xml version="1.0" encoding="UTF-8"?>
<!-- Generated by org.testng.reporters.JUnitReportReporter -->
<testsuite hostname="User2" name="test.FullPanel3" tests="1" failures="0" timestamp="8 Oct 2014 07:33:55 GMT" time="2642.797" errors="0">
  <testcase name="fullPanelDoors" time="2642.797" classname="test.FullPanel3"/>
</testsuite> <!-- test.FullPanel3 -->
