<?xml version="1.0" encoding="UTF-8"?>
<!-- Generated by org.testng.reporters.JUnitReportReporter -->
<testsuite hostname="User2" name="test.FullPanel1" tests="1" failures="0" timestamp="8 Oct 2014 07:33:55 GMT" time="1888.712" errors="0">
  <testcase name="fullPanelDoors" time="1888.712" classname="test.FullPanel1"/>
</testsuite> <!-- test.FullPanel1 -->
