<?xml version="1.0" encoding="UTF-8"?>
<!-- Generated by org.testng.reporters.JUnitReportReporter -->
<testsuite hostname="User2" name="test.SignUp" tests="10" failures="0" timestamp="9 Oct 2014 12:06:00 GMT" time="1160.218" errors="1">
  <testcase name="LandingPage" time="75.931" classname="test.SignUp"/>
  <testcase name="TemplatesPage" time="60.737" classname="test.SignUp"/>
  <testcase name="OrderPage" time="192.541" classname="test.SignUp"/>
  <testcase name="DoorTypePage" time="83.133" classname="test.SignUp"/>
  <testcase name="DimensionsPage" time="73.740" classname="test.SignUp"/>
  <testcase name="AccessoriesPage" time="183.870" classname="test.SignUp"/>
  <testcase name="CartPage" time="215.475" classname="test.SignUp"/>
  <testcase name="InteriorsPage" time="87.947" classname="test.SignUp"/>
  <testcase name="ExteriorsPage" time="148.531" classname="test.SignUp"/>
  <testcase name="Subscribe" time="38.313" classname="test.SignUp">
    <error type="java.lang.AssertionError" message="Forgot password not displayed expected [Email Sent. Login to your mail to reset your password] but found []">
      <![CDATA[java.lang.AssertionError: Forgot password not displayed expected [Email Sent. Login to your mail to reset your password] but found []
	at org.testng.Assert.fail(Assert.java:94)
	at org.testng.Assert.failNotEquals(Assert.java:494)
	at org.testng.Assert.assertEquals(Assert.java:123)
	at org.testng.Assert.assertEquals(Assert.java:176)
	at test.SignUp.forgotPassword(SignUp.java:292)
	at test.SignUp.Subscribe(SignUp.java:71)
	at sun.reflect.NativeMethodAccessorImpl.invoke0(Native Method)
	at sun.reflect.NativeMethodAccessorImpl.invoke(Unknown Source)
	at sun.reflect.DelegatingMethodAccessorImpl.invoke(Unknown Source)
	at java.lang.reflect.Method.invoke(Unknown Source)
	at org.testng.internal.MethodInvocationHelper.invokeMethod(MethodInvocationHelper.java:84)
	at org.testng.internal.Invoker.invokeMethod(Invoker.java:714)
	at org.testng.internal.Invoker.invokeTestMethod(Invoker.java:901)
	at org.testng.internal.Invoker.invokeTestMethods(Invoker.java:1231)
	at org.testng.internal.TestMethodWorker.invokeTestMethods(TestMethodWorker.java:127)
	at org.testng.internal.TestMethodWorker.run(TestMethodWorker.java:111)
	at org.testng.TestRunner.privateRun(TestRunner.java:767)
	at org.testng.TestRunner.run(TestRunner.java:617)
	at org.testng.SuiteRunner.runTest(SuiteRunner.java:334)
	at org.testng.SuiteRunner.runSequentially(SuiteRunner.java:329)
	at org.testng.SuiteRunner.privateRun(SuiteRunner.java:291)
	at org.testng.SuiteRunner.run(SuiteRunner.java:240)
	at org.testng.SuiteRunnerWorker.runSuite(SuiteRunnerWorker.java:52)
	at org.testng.SuiteRunnerWorker.run(SuiteRunnerWorker.java:86)
	at org.testng.TestNG.runSuitesSequentially(TestNG.java:1224)
	at org.testng.TestNG.runSuitesLocally(TestNG.java:1149)
	at org.testng.TestNG.run(TestNG.java:1057)
	at org.testng.remote.RemoteTestNG.run(RemoteTestNG.java:111)
	at org.testng.remote.RemoteTestNG.initAndRun(RemoteTestNG.java:204)
	at org.testng.remote.RemoteTestNG.main(RemoteTestNG.java:175)
]]>
    </error>
  </testcase> <!-- Subscribe -->
</testsuite> <!-- test.SignUp -->
