<?xml version="1.0" encoding="UTF-8"?>
<!-- Generated by org.testng.reporters.JUnitReportReporter -->
<testsuite hostname="User2" name="test.SignUp" tests="10" failures="0" timestamp="29 Sep 2014 04:43:11 GMT" time="1392.885" errors="1">
  <testcase name="CartPage" time="244.376" classname="test.SignUp"/>
  <testcase name="AccessoriesPage" time="212.438" classname="test.SignUp"/>
  <testcase name="OrderPage" time="219.590" classname="test.SignUp"/>
  <testcase name="TemplatesPage" time="86.709" classname="test.SignUp"/>
  <testcase name="InteriorsPage" time="121.910" classname="test.SignUp"/>
  <testcase name="Subscribe" time="41.931" classname="test.SignUp">
    <error type="java.lang.AssertionError" message="Forgot password not displayed expected [Email Sent. Login to your mail to reset your password] but found []">
      <![CDATA[java.lang.AssertionError: Forgot password not displayed expected [Email Sent. Login to your mail to reset your password] but found []
	at org.testng.Assert.fail(Assert.java:94)
	at org.testng.Assert.failNotEquals(Assert.java:494)
	at org.testng.Assert.assertEquals(Assert.java:123)
	at org.testng.Assert.assertEquals(Assert.java:176)
	at test.SignUp.forgotPassword(Unknown Source)
	at test.SignUp.Subscribe(Unknown Source)
	at sun.reflect.NativeMethodAccessorImpl.invoke0(Native Method)
	at sun.reflect.NativeMethodAccessorImpl.invoke(NativeMethodAccessorImpl.java:57)
	at sun.reflect.DelegatingMethodAccessorImpl.invoke(DelegatingMethodAccessorImpl.java:43)
	at java.lang.reflect.Method.invoke(Method.java:601)
	at org.testng.internal.MethodInvocationHelper.invokeMethod(MethodInvocationHelper.java:80)
	at org.testng.internal.Invoker.invokeMethod(Invoker.java:714)
	at org.testng.internal.Invoker.invokeTestMethod(Invoker.java:901)
	at org.testng.internal.Invoker.invokeTestMethods(Invoker.java:1231)
	at org.testng.internal.TestMethodWorker.invokeTestMethods(TestMethodWorker.java:127)
	at org.testng.internal.TestMethodWorker.run(TestMethodWorker.java:111)
	at org.testng.TestRunner.privateRun(TestRunner.java:767)
	at org.testng.TestRunner.run(TestRunner.java:617)
	at org.testng.SuiteRunner.runTest(SuiteRunner.java:334)
	at org.testng.SuiteRunner.runSequentially(SuiteRunner.java:329)
	at org.testng.SuiteRunner.privateRun(SuiteRunner.java:291)
	at org.testng.SuiteRunner.run(SuiteRunner.java:240)
	at org.testng.SuiteRunnerWorker.runSuite(SuiteRunnerWorker.java:52)
	at org.testng.SuiteRunnerWorker.run(SuiteRunnerWorker.java:86)
	at org.testng.TestNG.runSuitesSequentially(TestNG.java:1198)
	at org.testng.TestNG.runSuitesLocally(TestNG.java:1123)
	at org.testng.TestNG.run(TestNG.java:1031)
	at org.testng.TestNG.privateMain(TestNG.java:1338)
	at org.testng.TestNG.main(TestNG.java:1307)
]]>
    </error>
  </testcase> <!-- Subscribe -->
  <testcase name="DimensionsPage" time="94.180" classname="test.SignUp"/>
  <testcase name="DoorTypePage" time="109.734" classname="test.SignUp"/>
  <testcase name="ExteriorsPage" time="187.197" classname="test.SignUp"/>
  <testcase name="LandingPage" time="74.820" classname="test.SignUp"/>
</testsuite> <!-- test.SignUp -->
