<?xml version="1.0" encoding="UTF-8"?>
<!-- Generated by org.testng.reporters.JUnitReportReporter -->
<testsuite hostname="User2" name="test.SignUp" tests="10" failures="0" timestamp="8 Oct 2014 04:55:15 GMT" time="680.652" errors="0">
  <testcase name="LandingPage" time="49.695" classname="test.SignUp"/>
  <testcase name="AccessoriesPage" time="117.752" classname="test.SignUp"/>
  <testcase name="Subscribe" time="40.850" classname="test.SignUp"/>
  <testcase name="CartPage" time="115.085" classname="test.SignUp"/>
  <testcase name="OrderPage" time="121.264" classname="test.SignUp"/>
  <testcase name="DoorTypePage" time="40.956" classname="test.SignUp"/>
  <testcase name="DimensionsPage" time="33.821" classname="test.SignUp"/>
  <testcase name="TemplatesPage" time="58.527" classname="test.SignUp"/>
  <testcase name="ExteriorsPage" time="61.397" classname="test.SignUp"/>
  <testcase name="InteriorsPage" time="41.305" classname="test.SignUp"/>
</testsuite> <!-- test.SignUp -->
