<?xml version="1.0" encoding="UTF-8"?>
<!-- Generated by org.testng.reporters.JUnitReportReporter -->
<testsuite hostname="User2" name="test.SignUp" tests="10" failures="0" timestamp="8 Oct 2014 04:39:16 GMT" time="656.376" errors="0">
  <testcase name="OrderPage" time="117.046" classname="test.SignUp"/>
  <testcase name="AccessoriesPage" time="104.034" classname="test.SignUp"/>
  <testcase name="LandingPage" time="57.606" classname="test.SignUp"/>
  <testcase name="CartPage" time="116.744" classname="test.SignUp"/>
  <testcase name="ExteriorsPage" time="59.061" classname="test.SignUp"/>
  <testcase name="Subscribe" time="41.560" classname="test.SignUp"/>
  <testcase name="TemplatesPage" time="49.613" classname="test.SignUp"/>
  <testcase name="DimensionsPage" time="35.221" classname="test.SignUp"/>
  <testcase name="DoorTypePage" time="37.166" classname="test.SignUp"/>
  <testcase name="InteriorsPage" time="38.325" classname="test.SignUp"/>
</testsuite> <!-- test.SignUp -->
