<?xml version="1.0" encoding="UTF-8"?>
<!-- Generated by org.testng.reporters.JUnitReportReporter -->
<testsuite hostname="Dinesh-PC" name="test.NewTest" tests="1" failures="0" timestamp="29 Sep 2014 06:17:39 GMT" time="0.026" errors="0">
  <testcase name="f" time="0.026" classname="test.NewTest"/>
</testsuite> <!-- test.NewTest -->
