<?xml version="1.0" encoding="UTF-8"?>
<!-- Generated by org.testng.reporters.JUnitReportReporter -->
<testsuite hostname="DINESH" name="Signup.Subscribe" tests="1" failures="0" timestamp="15 Oct 2014 08:54:55 GMT" time="38.894" errors="0">
  <testcase name="subscribe" time="38.894" classname="Signup.Subscribe"/>
</testsuite> <!-- Signup.Subscribe -->
