<?xml version="1.0" encoding="UTF-8"?>
<!-- Generated by org.testng.reporters.JUnitReportReporter -->
<testsuite hostname="DINESH" name="SaveDesign.SaveDesign" tests="2" failures="0" timestamp="15 Oct 2014 08:54:55 GMT" time="168.570" errors="0">
  <testcase name="Interiors" time="74.688" classname="SaveDesign.SaveDesign"/>
  <testcase name="Exteriors" time="93.882" classname="SaveDesign.SaveDesign"/>
</testsuite> <!-- SaveDesign.SaveDesign -->
