<?xml version="1.0" encoding="UTF-8"?>
<!-- Generated by org.testng.reporters.JUnitReportReporter -->
<testsuite hostname="DINESH" name="LandPageTemplates.CheckRedirection" tests="1" failures="0" timestamp="15 Oct 2014 08:54:55 GMT" time="88.547" errors="0">
  <testcase name="Checkredirection" time="88.547" classname="LandPageTemplates.CheckRedirection"/>
</testsuite> <!-- LandPageTemplates.CheckRedirection -->
